2025-07-18 05:30:37 - discord_bot - ERROR - DISCORD_TOKEN not found in environment variables
2025-07-18 05:30:58 - discord_bot - ERROR - DISCORD_TOKEN not found in environment variables
2025-07-18 05:31:35 - discord_bot - INFO - Bot setup completed
2025-07-18 05:31:36 - discord_bot - INFO - Bot setup completed
2025-07-18 05:31:38 - discord_bot - INFO - PTIT CTF 2025#9307 has connected to Discord!
2025-07-18 05:31:38 - discord_bot - INFO - Bot is in 1 guilds
2025-07-18 05:31:38 - discord_bot - INFO - PTIT CTF 2025#9307 has connected to Discord!
2025-07-18 05:31:38 - discord_bot - INFO - Bot is in 1 guilds
2025-07-18 05:42:45 - discord_bot - INFO - l1b3rty2 (ID: 1258782817140215830) left the server
2025-07-18 05:42:45 - discord_bot - INFO - l1b3rty2 (ID: 1258782817140215830) left the server
2025-07-18 05:43:25 - discord_bot - INFO - Welcome message sent for l1b3rty2 (ID: 1258782817140215830)
2025-07-18 05:43:25 - discord_bot - INFO - Welcome message sent for l1b3rty2 (ID: 1258782817140215830)
2025-07-18 05:48:12 - discord_bot - INFO - l1b3rty2 (ID: 1258782817140215830) left the server
2025-07-18 05:48:12 - discord_bot - INFO - l1b3rty2 (ID: 1258782817140215830) left the server
2025-07-18 05:48:38 - discord_bot - INFO - Welcome message sent for l1b3rty2 (ID: 1258782817140215830)
2025-07-18 05:48:38 - discord_bot - INFO - Welcome message sent for l1b3rty2 (ID: 1258782817140215830)
2025-07-18 05:51:35 - discord_bot - INFO - Bot setup completed
2025-07-18 05:51:35 - discord_bot - INFO - Bot setup completed
2025-07-18 05:51:37 - discord_bot - INFO - PTIT CTF 2025#9307 has connected to Discord!
2025-07-18 05:51:37 - discord_bot - INFO - Bot is in 1 guilds
2025-07-18 05:51:37 - discord_bot - INFO - PTIT CTF 2025#9307 has connected to Discord!
2025-07-18 05:51:37 - discord_bot - INFO - Bot is in 1 guilds
2025-07-18 05:54:13 - discord_bot - INFO - l1b3rty2 (ID: 1258782817140215830) left the server
2025-07-18 05:54:33 - discord_bot - INFO - Welcome message sent for l1b3rty2 (ID: 1258782817140215830)
2025-07-18 06:44:14 - discord_bot - INFO - Bot setup completed
2025-07-18 06:44:17 - discord_bot - INFO - PTIT CTF 2025#9307 has connected to Discord!
2025-07-18 06:44:17 - discord_bot - INFO - Bot is in 1 guilds
2025-07-18 06:44:23 - discord_bot - INFO - Bot setup completed
2025-07-18 06:44:25 - discord_bot - INFO - PTIT CTF 2025#9307 has connected to Discord!
2025-07-18 06:44:25 - discord_bot - INFO - Bot is in 1 guilds
2025-07-18 06:46:59 - discord_bot - INFO - Bot setup completed
2025-07-18 06:47:01 - discord_bot - INFO - PTIT CTF 2025#9307 has connected to Discord!
2025-07-18 06:47:01 - discord_bot - INFO - Bot is in 1 guilds
2025-07-18 06:47:05 - discord_bot - INFO - Bot setup completed
2025-07-18 06:47:08 - discord_bot - INFO - PTIT CTF 2025#9307 has connected to Discord!
2025-07-18 06:47:08 - discord_bot - INFO - Bot is in 1 guilds
2025-07-18 06:50:21 - discord_bot - INFO - Bot setup completed
2025-07-18 06:50:23 - discord_bot - INFO - PTIT CTF 2025#9307 has connected to Discord!
2025-07-18 06:50:23 - discord_bot - INFO - Bot is in 1 guilds
2025-07-18 07:31:03 - discord_bot - INFO - Welcome message sent for haianh_ (ID: 489686118019629056)
2025-07-18 07:35:13 - discord_bot - INFO - Welcome message sent for Carl-bot (ID: 235148962103951360)
2025-07-18 08:06:41 - discord_bot - INFO - ngwinis (ID: 728953327949316157) left the server
2025-07-18 08:06:53 - discord_bot - INFO - Welcome message sent for ngwinis (ID: 728953327949316157)
2025-07-18 08:18:11 - discord_bot - INFO - Welcome message sent for luongptit (ID: 1148481489114251325)
2025-07-18 08:22:40 - discord_bot - INFO - Welcome message sent for nguyenlong_05 (ID: 596692488312586251)
2025-07-18 09:03:07 - discord_bot - INFO - Bot setup completed
2025-07-18 09:03:09 - discord_bot - INFO - PTIT CTF 2025#9307 has connected to Discord!
2025-07-18 09:03:09 - discord_bot - INFO - Bot is in 1 guilds
2025-07-18 09:25:56 - discord_bot - INFO - Bot setup completed
2025-07-18 09:25:58 - discord_bot - INFO - PTIT CTF 2025#9307 has connected to Discord!
2025-07-18 09:25:58 - discord_bot - INFO - Bot is in 1 guilds
2025-07-18 09:41:56 - discord_bot - INFO - _zabta (ID: 925755947278827541) left the server
2025-07-18 09:44:55 - discord_bot - INFO - Welcome message sent for _zabta (ID: 925755947278827541)
2025-07-18 11:47:49 - discord_bot - INFO - Bot setup completed
2025-07-18 11:47:51 - discord_bot - INFO - PTIT CTF 2025#9307 has connected to Discord!
2025-07-18 11:47:51 - discord_bot - INFO - Bot is in 1 guilds
2025-07-18 13:21:22 - discord_bot - INFO - Bot setup completed
2025-07-18 13:21:24 - discord_bot - INFO - PTIT CTF 2025#9307 has connected to Discord!
2025-07-18 13:21:24 - discord_bot - INFO - Bot is in 1 guilds
2025-07-19 01:18:55 - discord_bot - INFO - Bot setup completed
2025-07-19 01:18:57 - discord_bot - INFO - PTIT CTF 2025#9307 has connected to Discord!
2025-07-19 01:18:57 - discord_bot - INFO - Bot is in 1 guilds
